<?xml version="1.0" encoding="UTF-8"?>
<testng-results ignored="0" total="1" passed="1" failed="0" skipped="0">
  <reporter-output>
  </reporter-output>
  <suite started-at="2022-03-20T17:38:02 BDT" name="CurrencyConversion" finished-at="2022-03-20T17:38:31 BDT" duration-ms="29492">
    <groups>
    </groups>
    <test started-at="2022-03-20T17:38:02 BDT" name="CurrencyConversionFirstTest" finished-at="2022-03-20T17:38:31 BDT" duration-ms="29492">
      <class name="currencyConversionTests.conversionTests">
        <test-method signature="currencyTests()[pri:1, instance:currencyConversionTests.conversionTests@e077866]" started-at="2022-03-20T17:38:02 BDT" name="currencyTests" finished-at="2022-03-20T17:38:31 BDT" duration-ms="29425" status="PASS">
          <reporter-output>
          </reporter-output>
        </test-method> <!-- currencyTests -->
      </class> <!-- currencyConversionTests.conversionTests -->
    </test> <!-- CurrencyConversionFirstTest -->
  </suite> <!-- CurrencyConversion -->
</testng-results>
